<?xml version="1.0" encoding="UTF-8" ?>
<!DOCTYPE beans PUBLIC "-//SPRING//DTD BEAN 2.0//EN" "http://www.springframework.org/dtd/spring-beans.dtd">
<beans default-autowire="byName">
    <bean id="propertyConfigurer" class="org.springframework.beans.factory.config.PropertyPlaceholderConfigurer">
        <property name="location">
            <value>project.test.properties</value>
        </property>
    </bean>
    <bean id="dataSource" class="org.springframework.jdbc.datasource.DriverManagerDataSource">
        <property name="driverClassName" value="${jdbc.driverClassName}"/>
        <property name="url" value="${jdbc.url}"/>
        <property name="username" value="${jdbc.username}"/>
        <property name="password" value="${jdbc.password}"/>
    </bean>
    <bean id="txManager" class="org.springframework.orm.hibernate3.HibernateTransactionManager">
        <property name="sessionFactory">
            <ref local="sessionFactory"/>
        </property>
    </bean>

    <bean name="articleDao" class="cz.zcu.kiv.eegdatabase.data.dao.SimpleArticleDao">
        <constructor-arg>
            <value>cz.zcu.kiv.eegdatabase.data.pojo.Article</value>
        </constructor-arg>
    </bean>

    <bean id="sessionFactory" class="org.springframework.orm.hibernate3.LocalSessionFactoryBean">
        <property name="dataSource" ref="dataSource"/>
        <property name="mappingLocations" value="classpath*:cz/zcu/kiv/eegdatabase/data/pojo/*.hbm.xml" />
        <property name="hibernateProperties">
            <props>
                <prop key="hibernate.dialect">${db.dialect}</prop>
                <prop key="autocommmit">true</prop>
                <prop key="hibernate.show_sql">true</prop>
                <prop key="hibernate.search.default.directory_provider">
                    org.hibernate.search.store.RAMDirectoryProvider
                </prop>

                <prop key="hibernate.cfgfile">/hibernate.cfg.xml</prop>
            </props>
        </property>
    </bean>
</beans>