<?xml version="1.0" encoding="UTF-8" ?>
<!DOCTYPE beans PUBLIC "-//SPRING//DTD BEAN 2.0//EN" "http://www.springframework.org/dtd/spring-beans.dtd">
<beans xmlns="http://www.springframework.org/schema/beans"
     xmlns:xsi="http://www.w3.org/2001/XMLSchema-instance"
     xmlns:context="http://www.springframework.org/schema/context"
     xsi:schemaLocation="http://www.springframework.org/schema/beans
         http://www.springframework.org/schema/beans/spring-beans-3.0.xsd
         http://www.springframework.org/schema/context
         http://www.springframework.org/schema/context/spring-context-3.0.xsd">

    <context:annotation-config/>

    <bean id="propertyConfigurer" class="org.springframework.beans.factory.config.PropertyPlaceholderConfigurer">
        <property name="location">
            <value>project.test.properties</value>
        </property>
    </bean>
    <bean id="dataSource" class="org.springframework.jdbc.datasource.DriverManagerDataSource">
        <property name="driverClassName" value="${jdbc.driverClassName}"/>
        <property name="url" value="${jdbc.url}"/>
        <property name="username" value="${jdbc.username}"/>
        <property name="password" value="${jdbc.password}"/>
    </bean>
    <bean id="txManager" class="org.springframework.orm.hibernate3.HibernateTransactionManager">
        <property name="sessionFactory">
            <ref local="sessionFactory"/>
        </property>
    </bean>

    <bean name="articleDao" class="cz.zcu.kiv.eegdatabase.data.dao.SimpleArticleDao">
        <constructor-arg>
            <value>cz.zcu.kiv.eegdatabase.data.pojo.Article</value>
        </constructor-arg>
    </bean>

    <bean name="articleCommentDao" class="cz.zcu.kiv.eegdatabase.data.dao.SimpleArticleCommentDao">
        <constructor-arg>
            <value>cz.zcu.kiv.eegdatabase.data.pojo.ArticleComment</value>
        </constructor-arg>
    </bean>

    <bean name="experimentDao" class="cz.zcu.kiv.eegdatabase.data.dao.SimpleExperimentDao">
        <constructor-arg>
            <value>cz.zcu.kiv.eegdatabase.data.pojo.Experiment</value>
        </constructor-arg>
    </bean>

    <bean name="historyDao" class="cz.zcu.kiv.eegdatabase.data.dao.SimpleHistoryDao">
        <constructor-arg>
            <value>cz.zcu.kiv.eegdatabase.data.pojo.History</value>
        </constructor-arg>
    </bean>

    <bean name="scenarioDao" class="cz.zcu.kiv.eegdatabase.data.dao.SimpleScenarioDao">
    </bean>

    <bean name="hardwareDao" class="cz.zcu.kiv.eegdatabase.data.dao.SimpleHardwareDao">
    </bean>

    <bean name="hearingImpairmentDao" class="cz.zcu.kiv.eegdatabase.data.dao.SimpleHearingImpairmentDao">
    </bean>

        <bean name="personOptParamDefDao" class="cz.zcu.kiv.eegdatabase.data.dao.SimplePersonOptParamDefDao">
    </bean>

    <bean name="experimentOptParamDefDao" class="cz.zcu.kiv.eegdatabase.data.dao.SimpleExperimentOptParamDefDao">

    </bean>

        <bean name="fileMetadataParamDefDao" class="cz.zcu.kiv.eegdatabase.data.dao.SimpleFileMetadataParamDefDao">
    </bean>

        <bean name="visualImpairmentDao" class="cz.zcu.kiv.eegdatabase.data.dao.SimpleVisualImpairmentDao">
    </bean>

        <bean name="weatherDao" class="cz.zcu.kiv.eegdatabase.data.dao.SimpleWeatherDao">
    </bean>

    <bean name="reservationDao" class="cz.zcu.kiv.eegdatabase.data.dao.SimpleReservationDao">
    </bean>

    <bean name="personDao" class="cz.zcu.kiv.eegdatabase.data.dao.SimplePersonDao">
    </bean>

    <bean name="researchGroupDao" class="cz.zcu.kiv.eegdatabase.data.dao.SimpleResearchGroupDao">
    </bean>

    <bean name="messageSource" class="org.springframework.context.support.ResourceBundleMessageSource">
        <property name="basenames">
            <list>
                <value>messages</value>
                <value>errors</value>
            </list>
        </property>
    </bean>

    <bean id="sessionFactory" class="org.springframework.orm.hibernate3.LocalSessionFactoryBean">
        <property name="dataSource" ref="dataSource"/>
        <property name="mappingLocations" value="classpath*:cz/zcu/kiv/eegdatabase/data/pojo/*.hbm.xml"/>
        <property name="hibernateProperties">
            <props>
                <prop key="hibernate.dialect">${db.dialect}</prop>
                <prop key="autocommmit">true</prop>
                <prop key="hibernate.show_sql">true</prop>
                <prop key="hibernate.search.default.directory_provider">
                    org.hibernate.search.store.RAMDirectoryProvider
                </prop>

                <prop key="hibernate.cfgfile">/hibernate.cfg.xml</prop>
            </props>
        </property>
    </bean>
</beans>