<?xml version="1.0" encoding="UTF-8"?>
<beans xmlns="http://www.springframework.org/schema/beans"
       xmlns:xsi="http://www.w3.org/2001/XMLSchema-instance"
       xmlns:p="http://www.springframework.org/schema/p"
       xmlns:aop="http://www.springframework.org/schema/aop"
       xmlns:tx="http://www.springframework.org/schema/tx"
       xmlns:util="http://www.springframework.org/schema/util"
       xmlns:context="http://www.springframework.org/schema/context"
       xsi:schemaLocation="http://www.springframework.org/schema/beans
       http://www.springframework.org/schema/beans/spring-beans-3.0.xsd
       http://www.springframework.org/schema/op
       http://www.springframework.org/schema/aop/spring-aop-3.0.xsd
       http://www.springframework.org/schema/tx
       http://www.springframework.org/schema/tx/spring-tx-3.0.xsd
       http://www.springframework.org/schema/context
       http://www.springframework.org/schema/context/spring-context-3.0.xsd
       http://www.springframework.org/schema/security
       http://www.springframework.org/schema/security/spring-security-3.0.3.xsd
       http://www.springframework.org/schema/util
       http://www.springframework.org/schema/util/spring-util-3.0.xsd">

    <context:annotation-config/>

    <!--================== Persistence setup based on persistence.xml file contents ==================-->

    <bean id="propertyConfigurer" class="org.springframework.beans.factory.config.PropertyPlaceholderConfigurer">
        <property name="locations">
            <list>
                <value>project.test.properties</value>
            </list>
        </property>
    </bean>

     <bean id="dataSource" class="org.springframework.jdbc.datasource.DriverManagerDataSource">
        <property name="driverClassName" value="${jdbc.driverClassName}"/>
        <property name="url" value="${jdbc.url}"/>
        <property name="username" value="${jdbc.username}"/>
        <property name="password" value="${jdbc.password}"/>
    </bean>

    <!-- For tests a broad mapping config is used: "Get all .hbm.xml files in the data package" -->
     <bean id="sessionFactory" class="org.springframework.orm.hibernate3.LocalSessionFactoryBean">
        <property name="dataSource" ref="dataSource"/>
        <property name="mappingLocations" value="classpath*:cz/zcu/kiv/eegdatabase/data/pojo/*.hbm.xml" />
        <property name="hibernateProperties">
            <props>
                <prop key="hibernate.dialect">${db.dialect}</prop>
                <prop key="autocommmit">true</prop>
                <prop key="hibernate.show_sql">true</prop>
                <prop key="hibernate.search.default.directory_provider">
                    org.hibernate.search.store.RAMDirectoryProvider
                </prop>

                <prop key="hibernate.cfgfile">/hibernate.cfg.xml</prop>
            </props>
       </property>
    </bean>

    <bean name="messageSource" class="org.springframework.context.support.ResourceBundleMessageSource">
        <property name="basenames">
            <list>
                <value>messages</value>
                <value>errors</value>
            </list>
        </property>
    </bean>


    <bean id="transactionManager" class="org.springframework.orm.hibernate3.HibernateTransactionManager">
        <property name="sessionFactory" ref="sessionFactory"/>
    </bean>

    <bean id="jdbcTemplate" class="org.springframework.jdbc.core.JdbcTemplate">
		<property name="dataSource"><ref bean="dataSource" /></property>
	</bean>

    <!--============================== Bean mapping ==========================================-->

    <bean name="researchGroupDao" class="cz.zcu.kiv.eegdatabase.data.dao.SimpleResearchGroupDao">
        <property name="sessionFactory" ref="sessionFactory"/>
    </bean>

    <bean name="researchGroupMembershipDao" class="cz.zcu.kiv.eegdatabase.data.dao.SimpleGenericDao">
        <constructor-arg>
            <value>cz.zcu.kiv.eegdatabase.data.pojo.ResearchGroupMembership</value>
        </constructor-arg>
        <property name="sessionFactory" ref="sessionFactory"/>
    </bean>

    <bean name="articleDao" class="cz.zcu.kiv.eegdatabase.data.dao.SimpleArticleDao">
        <constructor-arg>
            <value>cz.zcu.kiv.eegdatabase.data.pojo.Article</value>
        </constructor-arg>
        <property name="sessionFactory" ref="sessionFactory"/>
    </bean>

    <bean name="articleCommentDao" class="cz.zcu.kiv.eegdatabase.data.dao.SimpleArticleCommentDao">
        <constructor-arg>
            <value>cz.zcu.kiv.eegdatabase.data.pojo.ArticleComment</value>
        </constructor-arg>
        <property name="sessionFactory" ref="sessionFactory"/>
    </bean>

    <bean name="digitizationDao" class="cz.zcu.kiv.eegdatabase.data.dao.SimpleDigitizationDao">
     <!--   <constructor-arg>
            <value>cz.zcu.kiv.eegdatabase.data.pojo.Digitization</value>
        </constructor-arg>       -->
        <property name="sessionFactory" ref="sessionFactory"/>
    </bean>


    <bean name="experimentDao" class="cz.zcu.kiv.eegdatabase.data.dao.SimpleExperimentDao">
        <constructor-arg>
            <value>cz.zcu.kiv.eegdatabase.data.pojo.Experiment</value>
        </constructor-arg>
        <property name="sessionFactory" ref="sessionFactory"/>
    </bean>

    <bean name="historyDao" class="cz.zcu.kiv.eegdatabase.data.dao.SimpleHistoryDao">
        <constructor-arg>
            <value>cz.zcu.kiv.eegdatabase.data.pojo.History</value>
        </constructor-arg>
        <property name="sessionFactory" ref="sessionFactory"/>
    </bean>

    <bean name="groupPermissionRequestDao" class="cz.zcu.kiv.eegdatabase.data.dao.SimpleGenericDao">
        <constructor-arg>
            <value>cz.zcu.kiv.eegdatabase.data.pojo.GroupPermissionRequest</value>
        </constructor-arg>
        <property name="sessionFactory" ref="sessionFactory"/>
    </bean>

    <bean name="artifactDao" class="cz.zcu.kiv.eegdatabase.data.dao.SimpleGenericDao">
        <constructor-arg>
            <value>cz.zcu.kiv.eegdatabase.data.pojo.Artifact</value>
        </constructor-arg>
        <property name="sessionFactory" ref="sessionFactory"/>
    </bean>
    <bean name="electrodeConfDao" class="cz.zcu.kiv.eegdatabase.data.dao.SimpleGenericDao">
        <constructor-arg>
            <value>cz.zcu.kiv.eegdatabase.data.pojo.ElectrodeConf</value>
        </constructor-arg>
        <property name="sessionFactory" ref="sessionFactory"/>
    </bean>

    <bean name="reservationDao" class="cz.zcu.kiv.eegdatabase.data.dao.SimpleReservationDao">
        <property name="sessionFactory" ref="sessionFactory"/>
    </bean>

    <bean name="scenarioDao" class="cz.zcu.kiv.eegdatabase.data.dao.SimpleScenarioDao">
        <property name="sessionFactory" ref="sessionFactory"/>
    </bean>

    <bean name="scenarioSchemasDao" class="cz.zcu.kiv.eegdatabase.data.dao.SimpleScenarioSchemasDao">
        <property name="sessionFactory" ref="sessionFactory"/>
    </bean>

    <bean name="scenarioTypeDao" class="cz.zcu.kiv.eegdatabase.data.dao.SimpleScenarioTypeDao">
        <property name="sessionFactory" ref="sessionFactory"/>
    </bean>

    <bean name="personDao" class="cz.zcu.kiv.eegdatabase.data.dao.SimplePersonDao">
        <property name="sessionFactory" ref="sessionFactory"/>
    </bean>

    <bean name="educationLevelDao" class="cz.zcu.kiv.eegdatabase.data.dao.SimpleEducationLevelDao">
        <property name="sessionFactory" ref="sessionFactory"/>
    </bean>

    <bean name="genericDao" class="cz.zcu.kiv.eegdatabase.data.dao.SimpleGenericDao">
        <constructor-arg>
            <value>java.lang.Object</value>
        </constructor-arg>
        <property name="sessionFactory" ref="sessionFactory"/>
    </bean>

    <bean name="hardwareDao" class="cz.zcu.kiv.eegdatabase.data.dao.SimpleHardwareDao">
        <property name="sessionFactory" ref="sessionFactory"/>
    </bean>

    <bean name="syncChangesDao" class="cz.zcu.kiv.eegdatabase.data.dao.SimpleSyncChangesDao">
        <constructor-arg>
            <value>cz.zcu.kiv.eegdatabase.data.pojo.SyncChanges</value>
        </constructor-arg>
        <property name="sessionFactory" ref="sessionFactory"/>
    </bean>

    <bean name="weatherDao" class="cz.zcu.kiv.eegdatabase.data.dao.SimpleWeatherDao">
        <property name="sessionFactory" ref="sessionFactory"/>
    </bean>

    <bean name="dataFileDao" class="cz.zcu.kiv.eegdatabase.data.dao.SimpleGenericDao">
        <constructor-arg>
            <value>cz.zcu.kiv.eegdatabase.data.pojo.DataFile</value>
        </constructor-arg>
        <property name="sessionFactory" ref="sessionFactory"/>
    </bean>

    <bean name="subjectGroupDao" class="cz.zcu.kiv.eegdatabase.data.dao.SimpleGenericDao">
        <constructor-arg>
            <value>cz.zcu.kiv.eegdatabase.data.pojo.SubjectGroup</value>
        </constructor-arg>
        <property name="sessionFactory" ref="sessionFactory"/>
    </bean>
    <bean name="fileMetadataParamDefDao" class="cz.zcu.kiv.eegdatabase.data.dao.SimpleFileMetadataParamDefDao">
        <property name="sessionFactory" ref="sessionFactory"/>
    </bean>

    <bean name="fileMetadataDao" class="cz.zcu.kiv.eegdatabase.data.dao.SimpleGenericDao">
        <constructor-arg>
            <value>cz.zcu.kiv.eegdatabase.data.pojo.FileMetadataParamVal</value>
        </constructor-arg>
        <property name="sessionFactory" ref="sessionFactory"/>
    </bean>

    <bean name="personOptParamDefDao" class="cz.zcu.kiv.eegdatabase.data.dao.SimplePersonOptParamDefDao">
        <property name="sessionFactory" ref="sessionFactory"/>
    </bean>

    <bean name="personOptParamValDao" class="cz.zcu.kiv.eegdatabase.data.dao.SimpleGenericDao">
        <constructor-arg>
            <value>cz.zcu.kiv.eegdatabase.data.pojo.PersonOptParamVal</value>
        </constructor-arg>
        <property name="sessionFactory" ref="sessionFactory"/>
    </bean>

    <bean name="experimentOptParamValDao" class="cz.zcu.kiv.eegdatabase.data.dao.SimpleGenericDao">
        <constructor-arg>
            <value>cz.zcu.kiv.eegdatabase.data.pojo.ExperimentOptParamVal</value>
        </constructor-arg>
        <property name="sessionFactory" ref="sessionFactory"/>
    </bean>

    <bean name="experimentOptParamDefDao" class="cz.zcu.kiv.eegdatabase.data.dao.SimpleExperimentOptParamDefDao">
        <property name="sessionFactory" ref="sessionFactory"/>
    </bean>
    <bean name="serviceResultDao" class="cz.zcu.kiv.eegdatabase.data.dao.SimpleServiceResultDao">
        <property name="sessionFactory" ref="sessionFactory"/>
    </bean>

    <bean id="scenario" class="cz.zcu.kiv.eegdatabase.data.pojo.Scenario">
        <property name="title" value="scenario title test"/>
        <property name="scenarioName" value="scenario_name_test"/>
        <property name="description" value="description test"/>
        <property name="scenarioLength" value="123"/>
    </bean>

    <bean id="scenarioDoc" class="cz.zcu.kiv.eegdatabase.data.pojo.ScenarioType" abstract="true">
        <property name="scenario" ref="scenario"/>
    </bean>

    <bean id="scenarioTypeNonXml" class="cz.zcu.kiv.eegdatabase.data.pojo.ScenarioTypeNonXml"
          parent="scenarioDoc">
    </bean>

    <bean id="nonXmlContent" class="java.lang.String">
        <constructor-arg type="java.lang.String" value="test test test"></constructor-arg>
    </bean>

    <bean id="scenarioNonSchema" class="cz.zcu.kiv.eegdatabase.data.pojo.ScenarioTypeNonSchema"
          parent="scenarioDoc">
    </bean>

    <bean id="scenarioTypeSchema1" class="cz.zcu.kiv.eegdatabase.data.pojo.ScenarioTypeSchema1"
          parent="scenarioDoc">
    </bean>

    <bean id="scenarioTypeSchema2" class="cz.zcu.kiv.eegdatabase.data.pojo.ScenarioTypeSchema2"
          parent="scenarioDoc">
    </bean>

    <bean id="scenarioTypeSchema3" class="cz.zcu.kiv.eegdatabase.data.pojo.ScenarioTypeSchema3"
          parent="scenarioDoc">
    </bean>

    <bean name="personService" class="cz.zcu.kiv.eegdatabase.data.service.HibernatePersonService"/>

    <bean name="mailService" class="cz.zcu.kiv.eegdatabase.data.service.SpringJavaMailService"/>

    <bean name="mailSender" class="org.springframework.mail.javamail.JavaMailSenderImpl">
        <property name="host" value="${email.smtp}"/>
    </bean>

    <bean name="mailMessage" class="org.springframework.mail.SimpleMailMessage">
        <property name="from" value="${email.from}"/>
        <property name="subject" value="${email.subject}"/>
    </bean>

</beans>